<?xml version="1.0" encoding="UTF-8"?>
<!-- Generated by org.testng.reporters.JUnitReportReporter -->
<testsuite hostname="Sony-PC" name="Selenium.testng" tests="1" failures="0" timestamp="23 Apr 2019 08:55:46 GMT" time="0.011" errors="0">
  <testcase name="t" time="0.011" classname="Selenium.testng"/>
</testsuite> <!-- Selenium.testng -->
